  ConsoleApplication1.cpp
C:\Users\gerso\source\repos\ConsoleApplication1\ConsoleApplication1\ConsoleApplication1.cpp(1,10): warning C4067:  unexpected tokens following preprocessor directive - expected a newline
C:\Users\gerso\source\repos\ConsoleApplication1\ConsoleApplication1\ConsoleApplication1.cpp(2,10): warning C4067:  unexpected tokens following preprocessor directive - expected a newline
C:\Users\gerso\source\repos\ConsoleApplication1\ConsoleApplication1\ConsoleApplication1.cpp(3,10): warning C4067:  unexpected tokens following preprocessor directive - expected a newline
C:\Users\gerso\source\repos\ConsoleApplication1\ConsoleApplication1\ConsoleApplication1.cpp(4,10): warning C4067:  unexpected tokens following preprocessor directive - expected a newline
C:\Users\gerso\source\repos\ConsoleApplication1\ConsoleApplication1\ConsoleApplication1.cpp(5,10): warning C4067:  unexpected tokens following preprocessor directive - expected a newline
C:\Users\gerso\source\repos\ConsoleApplication1\ConsoleApplication1\ConsoleApplication1.cpp(6,10): warning C4067:  unexpected tokens following preprocessor directive - expected a newline
C:\Users\gerso\source\repos\ConsoleApplication1\ConsoleApplication1\ConsoleApplication1.cpp(7,10): warning C4067:  unexpected tokens following preprocessor directive - expected a newline
C:\Users\gerso\source\repos\ConsoleApplication1\ConsoleApplication1\ConsoleApplication1.cpp(8,10): warning C4067:  unexpected tokens following preprocessor directive - expected a newline
C:\Users\gerso\source\repos\ConsoleApplication1\ConsoleApplication1\NodoLog.h(3,10): warning C4067:  unexpected tokens following preprocessor directive - expected a newline
C:\Users\gerso\source\repos\ConsoleApplication1\ConsoleApplication1\ConsoleApplication1.cpp(9,10): warning C4067:  unexpected tokens following preprocessor directive - expected a newline
C:\Users\gerso\source\repos\ConsoleApplication1\ConsoleApplication1\ConsoleApplication1.cpp(10,10): warning C4067:  unexpected tokens following preprocessor directive - expected a newline
C:\Users\gerso\source\repos\ConsoleApplication1\ConsoleApplication1\ListaArchivos.h(3,10): warning C4067:  unexpected tokens following preprocessor directive - expected a newline
C:\Users\gerso\source\repos\ConsoleApplication1\ConsoleApplication1\NodoArchivo.h(8,10): warning C4067:  unexpected tokens following preprocessor directive - expected a newline
C:\Users\gerso\source\repos\ConsoleApplication1\ConsoleApplication1\ListaArchivos.h(9,10): warning C4067:  unexpected tokens following preprocessor directive - expected a newline
C:\Users\gerso\source\repos\ConsoleApplication1\ConsoleApplication1\ConsoleApplication1.cpp(11,10): warning C4067:  unexpected tokens following preprocessor directive - expected a newline
C:\Users\gerso\source\repos\ConsoleApplication1\ConsoleApplication1\PilaLog.h(2,10): warning C4067:  unexpected tokens following preprocessor directive - expected a newline
C:\Users\gerso\source\repos\ConsoleApplication1\ConsoleApplication1\ConsoleApplication1.cpp(12,10): warning C4067:  unexpected tokens following preprocessor directive - expected a newline
C:\Users\gerso\source\repos\ConsoleApplication1\ConsoleApplication1\ConsoleApplication1.cpp(13,10): warning C4067:  unexpected tokens following preprocessor directive - expected a newline
C:\Users\gerso\source\repos\ConsoleApplication1\ConsoleApplication1\ConsoleApplication1.cpp(14,10): warning C4067:  unexpected tokens following preprocessor directive - expected a newline
C:\Users\gerso\source\repos\ConsoleApplication1\ConsoleApplication1\ConsoleApplication1.cpp(400,23): warning C4018:  '<': signed/unsigned mismatch
C:\Users\gerso\source\repos\ConsoleApplication1\ConsoleApplication1\ConsoleApplication1.cpp(783,20): warning C4018:  '<': signed/unsigned mismatch
  ConsoleApplication1.vcxproj -> C:\Users\gerso\source\repos\ConsoleApplication1\Debug\ConsoleApplication1.exe
